<?xml version="1.0" encoding="UTF-8"?>
<!-- Generated by org.testng.reporters.JUnitReportReporter -->
<testsuite hostname="LAPTOP-PG85R56H" failures="0" tests="1" name="testcase.test1" time="4.546" errors="0" timestamp="2025-07-27T17:03:26 IST" skipped="0">
  <testcase classname="testcase.test1" name="testFirst" time="4.546"/>
</testsuite> <!-- testcase.test1 -->
